<?xml version="1.0" encoding="UTF-8"?>
<testsuite xmlns:xsi="http://www.w3.org/2001/XMLSchema-instance"
  xsi:noNamespaceSchemaLocation="https://maven.apache.org/surefire/maven-failsafe-plugin/xsd/failsafe-test-report-3.0.xsd"
  version="3.0" name="com.example.RequirementsExampleTests" time="0.389" tests="1"
  errors="0" skipped="0" failures="0">
  <properties>
[...]
</properties>
  <testcase name="testSVC101" classname="com.example.RequirementsExampleTestsIT" time="0.362">
    <system-out>some output to stdout
</system-out>
  </testcase>
</testsuite>